<?xml version="1.0" encoding="UTF-8"?>
<!-- Generated by org.testng.reporters.JUnitReportReporter -->
<testsuite hostname="DESKTOP-IQ434QR" failures="0" tests="3" name="test.NewTest001" time="76.885" errors="0" timestamp="2024-04-15T05:29:15 IST" skipped="0">
  <testcase classname="test.NewTest001" name="TotalCountofTv" time="20.783"/>
  <testcase classname="test.NewTest001" name="MobileTest" time="42.026"/>
  <testcase classname="test.NewTest001" name="TvNameWithCount" time="14.076"/>
</testsuite> <!-- test.NewTest001 -->
